<?xml version="1.0" encoding="UTF-8"?>
<!-- Generated by org.testng.reporters.JUnitReportReporter -->
<testsuite hostname="DESKTOP-V37ESTU" name="testcases.ExampleTestcase0002" tests="1" failures="0" timestamp="20 Apr 2020 12:43:00 GMT" time="13.353" errors="0">
  <testcase name="Test" time="13.353" classname="testcases.ExampleTestcase0002"/>
</testsuite> <!-- testcases.ExampleTestcase0002 -->
