<?xml version="1.0" encoding="UTF-8"?>
<!-- Generated by org.testng.reporters.JUnitReportReporter -->
<testsuite hostname="DESKTOP-V37ESTU" name="testcases.ExampleTestcase0001" tests="1" failures="0" timestamp="20 Apr 2020 12:43:00 GMT" time="3.261" errors="0">
  <testcase name="Test" time="3.261" classname="testcases.ExampleTestcase0001"/>
</testsuite> <!-- testcases.ExampleTestcase0001 -->
